--- Copying files at Tue Dec  1 22:03:01 UTC 2020
--- Copying files at Tue Dec  1 22:14:33 UTC 2020
--- Copying files at Tue Dec  1 23:06:01 UTC 2020
--- Copying files at Wed Dec  2 16:32:29 UTC 2020
--- Copying files at Wed Dec  2 16:37:21 UTC 2020
--- Copying files at Wed Dec  2 18:55:15 UTC 2020
--- Copying files at Wed Dec  2 19:14:28 UTC 2020
--- Copying files at Thu Dec  3 15:32:13 UTC 2020
--- Copying files at Sat Dec 12 00:05:15 UTC 2020
--- Copying files at Sun Dec 20 19:42:21 UTC 2020
--- Copying files at Mon Dec 21 08:45:41 UTC 2020
--- Copying files at Thu Dec 24 13:35:57 UTC 2020
--- Copying files at Sat Dec 26 09:54:42 UTC 2020
--- Copying files at Mon Dec 28 14:36:57 UTC 2020
--- Copying files at Mon Dec 28 16:39:18 UTC 2020
--- Copying files at Mon Jan  4 08:41:45 UTC 2021
--- Copying files at Sat Jan  9 10:03:41 UTC 2021
--- Copying files at Sun Jan 10 10:20:29 UTC 2021
--- Copying files at Sun Jan 10 10:51:28 UTC 2021
--- Copying files at Sun Jan 10 11:49:49 UTC 2021
--- Copying files at Sun Jan 10 12:08:22 UTC 2021
--- Copying files at Mon Jan 11 10:31:47 UTC 2021
--- Copying files at Tue Jan 12 09:15:32 UTC 2021
--- Copying files at Mon Jan 18 13:01:35 UTC 2021
--- Copying files at Mon Jan 18 13:40:41 UTC 2021
--- Copying files at Mon Jan 18 14:20:49 UTC 2021
--- Copying files at Mon Jan 18 14:42:07 UTC 2021
--- Copying files at Mon Jan 18 15:16:59 UTC 2021
--- Copying files at Mon Jan 18 15:17:02 UTC 2021
--- Copying files at Mon Jan 18 15:17:05 UTC 2021
--- Copying files at Mon Jan 18 15:17:07 UTC 2021
--- Copying files at Mon Jan 18 15:17:10 UTC 2021
--- Copying files at Mon Jan 18 15:17:13 UTC 2021
--- Copying files at Mon Jan 18 15:17:19 UTC 2021
--- Copying files at Mon Jan 18 15:17:27 UTC 2021
--- Copying files at Mon Jan 18 15:17:42 UTC 2021
--- Copying files at Mon Jan 18 15:18:10 UTC 2021
--- Copying files at Mon Jan 18 15:19:03 UTC 2021
--- Copying files at Mon Jan 18 15:19:56 UTC 2021
--- Copying files at Mon Jan 18 15:33:43 UTC 2021
--- Copying files at Mon Jan 18 15:33:46 UTC 2021
--- Copying files at Mon Jan 18 15:33:48 UTC 2021
--- Copying files at Mon Jan 18 15:33:51 UTC 2021
--- Copying files at Mon Jan 18 15:33:54 UTC 2021
--- Copying files at Mon Jan 18 15:33:58 UTC 2021
--- Copying files at Mon Jan 18 15:34:03 UTC 2021
--- Copying files at Mon Jan 18 15:34:11 UTC 2021
--- Copying files at Mon Jan 18 15:34:26 UTC 2021
--- Copying files at Mon Jan 18 15:34:54 UTC 2021
--- Copying files at Mon Jan 18 15:35:47 UTC 2021
--- Copying files at Mon Jan 18 15:36:49 UTC 2021
--- Copying files at Mon Jan 18 15:37:51 UTC 2021
--- Copying files at Mon Jan 18 15:38:53 UTC 2021
--- Copying files at Mon Jan 18 15:39:55 UTC 2021
--- Copying files at Mon Jan 18 15:40:57 UTC 2021
--- Copying files at Mon Jan 18 15:41:59 UTC 2021
--- Copying files at Mon Jan 18 15:43:01 UTC 2021
--- Copying files at Mon Jan 18 15:43:30 UTC 2021
--- Copying files at Mon Jan 18 15:51:53 UTC 2021
--- Copying files at Tue Jan 19 10:11:28 UTC 2021
--- Copying files at Wed Jan 20 11:07:19 UTC 2021
--- Copying files at Thu Jan 21 11:43:05 UTC 2021
--- Copying files at Fri Jan 22 09:42:43 UTC 2021
--- Copying files at Fri Jan 22 11:04:20 UTC 2021
--- Copying files at Mon Jan 25 10:13:13 UTC 2021
--- Copying files at Mon Jan 25 10:29:05 UTC 2021
--- Copying files at Mon Jan 25 11:17:20 UTC 2021
--- Copying files at Mon Jan 25 19:03:09 UTC 2021
--- Copying files at Tue Jan 26 09:41:41 UTC 2021
--- Copying files at Tue Jan 26 10:07:35 UTC 2021
--- Copying files at Tue Jan 26 11:37:55 UTC 2021
--- Copying files at Wed Jan 27 10:55:11 UTC 2021
--- Copying files at Fri Jan 29 10:10:55 UTC 2021
--- Copying files at Fri Jan 29 10:41:35 UTC 2021
--- Copying files at Fri Jan 29 19:40:32 UTC 2021
--- Copying files at Sun Jan 31 06:36:07 UTC 2021
--- Copying files at Sun Jan 31 06:41:57 UTC 2021
--- Copying files at Sun Jan 31 07:23:32 UTC 2021
--- Copying files at Sun Jan 31 11:09:31 UTC 2021
--- Copying files at Tue Feb 16 16:00:28 UTC 2021
--- Copying files at Tue Feb 16 16:06:18 UTC 2021
--- Copying files at Tue Feb 16 16:19:02 UTC 2021
--- Copying files at Wed Feb 17 07:13:57 UTC 2021
--- Copying files at Wed Feb 17 10:22:16 UTC 2021
--- Copying files at Wed Feb 17 10:27:58 UTC 2021
--- Copying files at Wed Feb 17 10:32:38 UTC 2021
