Started at Wed Feb 17 07:33:22 UTC 2021
Processing respo-web_trigger01(prod)
Offering respo-web_trigger01(prod) to Project Build Discarder
Processing webapp114-trigger.01(prod)
Offering webapp114-trigger.01(prod) to Project Build Discarder
Processing webapp115-trigger.02(test)
Offering webapp115-trigger.02(test) to Project Build Discarder
Processing webapp116-trigger.03(test)
Offering webapp116-trigger.03(test) to Project Build Discarder
Finished at Wed Feb 17 07:33:22 UTC 2021. 17ms
Started at Wed Feb 17 08:33:22 UTC 2021
Processing respo-web_trigger01(prod)
Offering respo-web_trigger01(prod) to Project Build Discarder
Processing webapp114-trigger.01(prod)
Offering webapp114-trigger.01(prod) to Project Build Discarder
Processing webapp115-trigger.02(test)
Offering webapp115-trigger.02(test) to Project Build Discarder
Processing webapp116-trigger.03(test)
Offering webapp116-trigger.03(test) to Project Build Discarder
Finished at Wed Feb 17 08:33:22 UTC 2021. 10ms
Started at Wed Feb 17 09:33:22 UTC 2021
Processing respo-web_trigger01(prod)
Offering respo-web_trigger01(prod) to Project Build Discarder
Processing webapp114-trigger.01(prod)
Offering webapp114-trigger.01(prod) to Project Build Discarder
Processing webapp115-trigger.02(test)
Offering webapp115-trigger.02(test) to Project Build Discarder
Processing webapp116-trigger.03(test)
Offering webapp116-trigger.03(test) to Project Build Discarder
Finished at Wed Feb 17 09:33:22 UTC 2021. 8ms
